>> I: /X/func/%28/B/data%2C%20/Z/func/%28/C/data%29%20%29/v=1705120869576?MustBeFresh&Nonce=9affd1fd&Lifetime=100000
MY_LOG[04:41:09.578]: Interest を受信しました。
URL: /X/func/%28/B/data%2C%20/Z/func/%28/C/data%29%20%29/v=1705120869576

MY_LOG[04:41:09.579]: function リクエストとして処理をします。
URL: /X/func/(/B/data, /Z/func/(/C/data) )
関数名: /X/func


URL: /B/data
MY_LOG[04:41:09.579]: データを取得します。
MY_LOG[04:41:09.579]: Interest を送信しました。


URL: /Z/func/(/C/data)
MY_LOG[04:41:09.579]: データを取得します。
MY_LOG[04:41:09.579]: Interest を送信しました。


>> I: /B/data/v=1705120869579?MustBeFresh&Nonce=f20b73b3&Lifetime=100000
URL: /B/data/v=1705120869579
MY_LOG[04:41:09.579]: Interest を受信しました。
MY_LOG[04:41:09.579]: data リクエストとして処理をします。


URL: /B/data
MY_LOG[04:41:09.580]: コンテンツを受け取りました！
MY_LOG[04:41:09.580]: データ取得完了: !!!B_DATA!!!
MY_LOG[04:41:09.580]: カウンタ: 1
MY_LOG[04:41:09.580]: トータル: 2


>> I: /C/data/v=1705120869579?MustBeFresh&Nonce=641e8c3f&Lifetime=100000
URL: /C/data/v=1705120869579
MY_LOG[04:41:09.580]: Interest を受信しました。
MY_LOG[04:41:09.580]: data リクエストとして処理をします。


>> I: /C/data/v=1705120869581?MustBeFresh&Nonce=6500470f&Lifetime=100000
URL: /C/data/v=1705120869581
MY_LOG[04:41:09.583]: Interest を受信しました。
MY_LOG[04:41:09.583]: data リクエストとして処理をします。


URL: /Z/func/(/C/data)
MY_LOG[04:41:11.595]: コンテンツを受け取りました！
MY_LOG[04:41:11.595]: データ取得完了: !!!C_DATA!!!


MY_LOG[04:41:11.595]: カウンタ: 2
MY_LOG[04:41:11.595]: トータル: 2

MY_LOG[04:41:11.596]: 全てのデータが揃いました。
MY_LOG[04:41:11.596]: function処理を実行します。 function: /X/func
MY_LOG[04:41:11.596]: 関数の実行結果を受け取りました。