>> I: /Z/func/%28/C/data%29/v=1705120869576?MustBeFresh&Nonce=41d51f56&Lifetime=100000
MY_LOG[04:41:09.578]: Interest を受信しました。
URL: /Z/func/%28/C/data%29/v=1705120869576
MY_LOG[04:41:09.579]: function リクエストとして処理をします。
URL: /Z/func/(/C/data)

関数名: /Z/func
MY_LOG[04:41:09.579]: データを取得します。

URL: /C/data
MY_LOG[04:41:09.579]: Interest を送信しました。


>> I: /Z/func/%28/C/data%29/v=1705120869579?MustBeFresh&Nonce=6ff4b377&Lifetime=100000
MY_LOG[04:41:09.581]: Interest を受信しました。
URL: /Z/func/%28/C/data%29/v=1705120869579
MY_LOG[04:41:09.581]: function リクエストとして処理をします。
URL: /Z/func/(/C/data)
関数名: /Z/func

URL: /C/data
MY_LOG[04:41:09.581]: データを取得します。
MY_LOG[04:41:09.581]: Interest を送信しました。


URL: /Z/func/(/C/data)
MY_LOG[04:41:09.582]: コンテンツを受け取りました！
MY_LOG[04:41:09.582]: データ取得完了: !!!C_DATA!!!
MY_LOG[04:41:09.582]: カウンタ: 1
MY_LOG[04:41:09.582]: トータル: 1

MY_LOG[04:41:09.582]: 全てのデータが揃いました。
MY_LOG[04:41:09.582]: function処理を実行します。 function: /Z/func
MY_LOG[04:41:10.584]: 関数の実行結果を受け取りました。

URL: /C/data
MY_LOG[04:41:10.587]: コンテンツを受け取りました！
MY_LOG[04:41:10.587]: データ取得完了: !!!C_DATA!!!
URL: /Z/func/(/C/data)

MY_LOG[04:41:10.587]: カウンタ: 1

MY_LOG[04:41:10.587]: トータル: 1

MY_LOG[04:41:10.587]: 全てのデータが揃いました。
MY_LOG[04:41:10.587]: function処理を実行します。 function: /Z/func
MY_LOG[04:41:11.588]: 関数の実行結果を受け取りました。